[12-Dec-2025 14:05:27 Europe/Berlin] PHP Notice:  session_start(): Ignoring session_start() because a session is already active in C:\xampp\htdocs\MSWDPaluan_System-main\php\settings\ActivityLogger.php on line 19
[12-Dec-2025 15:29:27 Europe/Berlin] Activity: MARK_INACTIVE - Marked 1 senior(s) as inactive
[12-Dec-2025 15:30:19 Europe/Berlin] Activity: MARK_INACTIVE - Marked 1 senior(s) as inactive
[12-Dec-2025 15:32:41 Europe/Berlin] PHP Notice:  session_start(): Ignoring session_start() because a session is already active in C:\xampp\htdocs\MSWDPaluan_System-main\php\settings\ActivityLogger.php on line 19
[12-Dec-2025 15:42:56 Europe/Berlin] PHP Notice:  session_start(): Ignoring session_start() because a session is already active in C:\xampp\htdocs\MSWDPaluan_System-main\php\activelist\mark_deceased.php on line 234
[12-Dec-2025 15:42:56 Europe/Berlin] PHP Notice:  session_start(): Ignoring session_start() because a session is already active in C:\xampp\htdocs\MSWDPaluan_System-main\php\settings\ActivityLogger.php on line 19
[14-Dec-2025 04:32:06 Europe/Berlin] PHP Warning:  Undefined array key "firstname" in C:\xampp\htdocs\MSWDPALUAN_SYSTEM-MAIN\php\activelist\mark_inactive.php on line 93
[14-Dec-2025 04:32:06 Europe/Berlin] PHP Warning:  Undefined array key "lastname" in C:\xampp\htdocs\MSWDPALUAN_SYSTEM-MAIN\php\activelist\mark_inactive.php on line 93
[14-Dec-2025 04:32:06 Europe/Berlin] PHP Notice:  session_start(): Ignoring session_start() because a session is already active in C:\xampp\htdocs\MSWDPALUAN_SYSTEM-MAIN\php\settings\ActivityLogger.php on line 19
[14-Dec-2025 04:32:06 Europe/Berlin] No user ID found for activity: MARK_INACTIVE
[14-Dec-2025 04:34:17 Europe/Berlin] PHP Notice:  session_start(): Ignoring session_start() because a session is already active in C:\xampp\htdocs\MSWDPALUAN_SYSTEM-MAIN\php\settings\ActivityLogger.php on line 19
[14-Dec-2025 04:51:32 Europe/Berlin] PHP Notice:  session_start(): Ignoring session_start() because a session is already active in C:\xampp\htdocs\MSWDPALUAN_SYSTEM-MAIN\php\settings\ActivityLogger.php on line 19
[14-Dec-2025 04:53:04 Europe/Berlin] PHP Notice:  session_start(): Ignoring session_start() because a session is already active in C:\xampp\htdocs\MSWDPALUAN_SYSTEM-MAIN\php\settings\ActivityLogger.php on line 19
[14-Dec-2025 04:53:15 Europe/Berlin] PHP Notice:  session_start(): Ignoring session_start() because a session is already active in C:\xampp\htdocs\MSWDPALUAN_SYSTEM-MAIN\php\activelist\mark_deceased.php on line 234
[14-Dec-2025 04:53:15 Europe/Berlin] PHP Notice:  session_start(): Ignoring session_start() because a session is already active in C:\xampp\htdocs\MSWDPALUAN_SYSTEM-MAIN\php\settings\ActivityLogger.php on line 19
[14-Dec-2025 04:53:21 Europe/Berlin] PHP Notice:  session_start(): Ignoring session_start() because a session is already active in C:\xampp\htdocs\MSWDPALUAN_SYSTEM-MAIN\php\settings\ActivityLogger.php on line 19
[14-Dec-2025 04:53:32 Europe/Berlin] PHP Notice:  session_start(): Ignoring session_start() because a session is already active in C:\xampp\htdocs\MSWDPALUAN_SYSTEM-MAIN\php\settings\ActivityLogger.php on line 19
[14-Dec-2025 04:53:46 Europe/Berlin] PHP Notice:  session_start(): Ignoring session_start() because a session is already active in C:\xampp\htdocs\MSWDPALUAN_SYSTEM-MAIN\php\settings\ActivityLogger.php on line 19
[14-Dec-2025 04:54:09 Europe/Berlin] PHP Notice:  session_start(): Ignoring session_start() because a session is already active in C:\xampp\htdocs\MSWDPALUAN_SYSTEM-MAIN\php\settings\ActivityLogger.php on line 19
[14-Dec-2025 04:54:15 Europe/Berlin] PHP Notice:  session_start(): Ignoring session_start() because a session is already active in C:\xampp\htdocs\MSWDPALUAN_SYSTEM-MAIN\php\settings\ActivityLogger.php on line 19
[14-Dec-2025 04:56:23 Europe/Berlin] PHP Notice:  session_start(): Ignoring session_start() because a session is already active in C:\xampp\htdocs\MSWDPALUAN_SYSTEM-MAIN\php\settings\ActivityLogger.php on line 19
[14-Dec-2025 04:56:41 Europe/Berlin] PHP Notice:  session_start(): Ignoring session_start() because a session is already active in C:\xampp\htdocs\MSWDPALUAN_SYSTEM-MAIN\php\settings\ActivityLogger.php on line 19
